Determining if the pthread_create exist failed with the following output:
Change Dir: /home/wangjundong/CLionProjects/untitled2/build/CMakeFiles/CMakeTmp

Run Build Command:"/usr/bin/make" "cmTC_317b0/fast"
/usr/bin/make -f CMakeFiles/cmTC_317b0.dir/build.make CMakeFiles/cmTC_317b0.dir/build
make[1]: Entering directory '/home/wangjundong/CLionProjects/untitled2/build/CMakeFiles/CMakeTmp'
Building CXX object CMakeFiles/cmTC_317b0.dir/CheckSymbolExists.cxx.o
/usr/bin/c++      -o CMakeFiles/cmTC_317b0.dir/CheckSymbolExists.cxx.o -c /home/wangjundong/CLionProjects/untitled2/build/CMakeFiles/CMakeTmp/CheckSymbolExists.cxx
Linking CXX executable cmTC_317b0
/usr/bin/cmake -E cmake_link_script CMakeFiles/cmTC_317b0.dir/link.txt --verbose=1
/usr/bin/c++        CMakeFiles/cmTC_317b0.dir/CheckSymbolExists.cxx.o  -o cmTC_317b0 
CMakeFiles/cmTC_317b0.dir/CheckSymbolExists.cxx.o: In function `main':
CheckSymbolExists.cxx:(.text+0x16): undefined reference to `pthread_create'
collect2: error: ld returned 1 exit status
CMakeFiles/cmTC_317b0.dir/build.make:97: recipe for target 'cmTC_317b0' failed
make[1]: *** [cmTC_317b0] Error 1
make[1]: Leaving directory '/home/wangjundong/CLionProjects/untitled2/build/CMakeFiles/CMakeTmp'
Makefile:126: recipe for target 'cmTC_317b0/fast' failed
make: *** [cmTC_317b0/fast] Error 2

File /home/wangjundong/CLionProjects/untitled2/build/CMakeFiles/CMakeTmp/CheckSymbolExists.cxx:
/* */
#include <pthread.h>

int main(int argc, char** argv)
{
  (void)argv;
#ifndef pthread_create
  return ((int*)(&pthread_create))[argc];
#else
  (void)argc;
  return 0;
#endif
}

Determining if the function pthread_create exists in the pthreads failed with the following output:
Change Dir: /home/wangjundong/CLionProjects/untitled2/build/CMakeFiles/CMakeTmp

Run Build Command:"/usr/bin/make" "cmTC_ffb28/fast"
/usr/bin/make -f CMakeFiles/cmTC_ffb28.dir/build.make CMakeFiles/cmTC_ffb28.dir/build
make[1]: Entering directory '/home/wangjundong/CLionProjects/untitled2/build/CMakeFiles/CMakeTmp'
Building CXX object CMakeFiles/cmTC_ffb28.dir/CheckFunctionExists.cxx.o
/usr/bin/c++     -DCHECK_FUNCTION_EXISTS=pthread_create   -o CMakeFiles/cmTC_ffb28.dir/CheckFunctionExists.cxx.o -c /home/wangjundong/CLionProjects/untitled2/build/CMakeFiles/CheckLibraryExists/CheckFunctionExists.cxx
Linking CXX executable cmTC_ffb28
/usr/bin/cmake -E cmake_link_script CMakeFiles/cmTC_ffb28.dir/link.txt --verbose=1
/usr/bin/c++    -DCHECK_FUNCTION_EXISTS=pthread_create    CMakeFiles/cmTC_ffb28.dir/CheckFunctionExists.cxx.o  -o cmTC_ffb28 -lpthreads 
/usr/bin/ld: cannot find -lpthreads
collect2: error: ld returned 1 exit status
CMakeFiles/cmTC_ffb28.dir/build.make:97: recipe for target 'cmTC_ffb28' failed
make[1]: *** [cmTC_ffb28] Error 1
make[1]: Leaving directory '/home/wangjundong/CLionProjects/untitled2/build/CMakeFiles/CMakeTmp'
Makefile:126: recipe for target 'cmTC_ffb28/fast' failed
make: *** [cmTC_ffb28/fast] Error 2


